########################## SRUN ##########################
##########################################################
(SERIAL, SCENARIO, MAX_STEPS) -> (TIME[s], SPEEDUP)
(serial, hugeScenario.xml, 200) -> (0.018, 1.160)
(serial, hugeScenario.xml, 800) -> (0.073, 1.135)
(serial, hugeScenario.xml, 3200) -> (0.295, 1.134)
(serial, hugeScenario.xml, 12800) -> (1.173, 1.124)
(serial, hugeScenario.xml, 51200) -> (4.699, 1.101)
(serial, hugeScenario.xml, 204800) -> (18.716, 1.068)
##########################################################
(SERIAL, SCENARIO, MAX_STEPS) -> (TIME[s], SPEEDUP)
(serial, scenario.xml, 200) -> (0.003, 1.000)
(serial, scenario.xml, 800) -> (0.012, 1.074)
(serial, scenario.xml, 3200) -> (0.049, 1.114)
(serial, scenario.xml, 12800) -> (0.198, 1.112)
(serial, scenario.xml, 51200) -> (0.791, 1.102)
(serial, scenario.xml, 204800) -> (3.158, 1.078)
##########################################################
(SERIAL, SCENARIO, MAX_STEPS) -> (TIME[s], SPEEDUP)
(serial, scenario_box.xml, 200) -> (0.000, 0.000)
(serial, scenario_box.xml, 800) -> (0.000, 0.000)
(serial, scenario_box.xml, 3200) -> (0.001, 1.000)
(serial, scenario_box.xml, 12800) -> (0.006, 1.033)
(serial, scenario_box.xml, 51200) -> (0.025, 1.059)
(serial, scenario_box.xml, 204800) -> (0.104, 1.060)
##########################################################
(OMP, SCENARIO, MAX_STEPS) -> (TIME[s], SPEEDUP)
(omp, hugeScenario.xml, 200) -> (0.043, 5.586)
(omp, hugeScenario.xml, 800) -> (0.210, 1.848)
(omp, hugeScenario.xml, 3200) -> (0.042, 9.346)
(omp, hugeScenario.xml, 12800) -> (0.132, 9.825)
(omp, hugeScenario.xml, 51200) -> (0.527, 9.850)
(omp, hugeScenario.xml, 204800) -> (2.198, 9.271)
##########################################################
(OMP, SCENARIO, MAX_STEPS) -> (TIME[s], SPEEDUP)
(omp, scenario.xml, 200) -> (0.000, 0.600)
(omp, scenario.xml, 800) -> (0.002, 6.550)
(omp, scenario.xml, 3200) -> (0.007, 7.351)
(omp, scenario.xml, 12800) -> (0.030, 7.323)
(omp, scenario.xml, 51200) -> (0.120, 7.315)
(omp, scenario.xml, 204800) -> (0.477, 7.071)
##########################################################
(OMP, SCENARIO, MAX_STEPS) -> (TIME[s], SPEEDUP)
(omp, scenario_box.xml, 200) -> (0.000, 0.000)
(omp, scenario_box.xml, 800) -> (0.001, 0.000)
(omp, scenario_box.xml, 3200) -> (0.002, 0.449)
(omp, scenario_box.xml, 12800) -> (0.010, 0.620)
(omp, scenario_box.xml, 51200) -> (0.041, 0.663)
(omp, scenario_box.xml, 204800) -> (0.161, 0.681)
##########################################################
(PTHREAD, SCENARIO, MAX_STEPS) -> (TIME[s], SPEEDUP)
(pthread, hugeScenario.xml, 200) -> (0.016, 1.219)
(pthread, hugeScenario.xml, 800) -> (0.071, 1.170)
(pthread, hugeScenario.xml, 3200) -> (0.280, 1.169)
(pthread, hugeScenario.xml, 12800) -> (1.114, 1.195)
(pthread, hugeScenario.xml, 51200) -> (4.523, 1.122)
(pthread, hugeScenario.xml, 204800) -> (18.510, 1.065)
##########################################################
(PTHREAD, SCENARIO, MAX_STEPS) -> (TIME[s], SPEEDUP)
(pthread, scenario.xml, 200) -> (0.013, 0.231)
(pthread, scenario.xml, 800) -> (0.045, 0.286)
(pthread, scenario.xml, 3200) -> (0.174, 0.312)
(pthread, scenario.xml, 12800) -> (0.698, 0.315)
(pthread, scenario.xml, 51200) -> (3.259, 0.268)
(pthread, scenario.xml, 204800) -> (13.594, 0.248)
##########################################################
(PTHREAD, SCENARIO, MAX_STEPS) -> (TIME[s], SPEEDUP)
(pthread, scenario_box.xml, 200) -> (0.012, 0.000)
(pthread, scenario_box.xml, 800) -> (0.041, 0.000)
(pthread, scenario_box.xml, 3200) -> (0.175, 0.005)
(pthread, scenario_box.xml, 12800) -> (0.817, 0.007)
(pthread, scenario_box.xml, 51200) -> (3.125, 0.008)
(pthread, scenario_box.xml, 204800) -> (13.028, 0.008)
##########################################################
(SIMD, SCENARIO, MAX_STEPS) -> (TIME[s], SPEEDUP)
(simd, hugeScenario.xml, 200) -> (0.011, 1.868)
(simd, hugeScenario.xml, 800) -> (0.047, 1.772)
(simd, hugeScenario.xml, 3200) -> (0.189, 1.772)
(simd, hugeScenario.xml, 12800) -> (0.756, 1.733)
(simd, hugeScenario.xml, 51200) -> (3.034, 1.705)
(simd, hugeScenario.xml, 204800) -> (12.239, 1.610)
##########################################################
(SIMD, SCENARIO, MAX_STEPS) -> (TIME[s], SPEEDUP)
(simd, scenario.xml, 200) -> (0.001, 3.000)
(simd, scenario.xml, 800) -> (0.007, 1.857)
(simd, scenario.xml, 3200) -> (0.030, 1.833)
(simd, scenario.xml, 12800) -> (0.120, 1.821)
(simd, scenario.xml, 51200) -> (0.486, 1.783)
(simd, scenario.xml, 204800) -> (1.944, 1.760)
##########################################################
(SIMD, SCENARIO, MAX_STEPS) -> (TIME[s], SPEEDUP)
(simd, scenario_box.xml, 200) -> (0.000, 0.000)
(simd, scenario_box.xml, 800) -> (0.000, 0.000)
(simd, scenario_box.xml, 3200) -> (0.000, 0.000)
(simd, scenario_box.xml, 12800) -> (0.003, 2.033)
(simd, scenario_box.xml, 51200) -> (0.014, 1.909)
(simd, scenario_box.xml, 204800) -> (0.059, 1.836)
##########################################################
(CUDA, MEMCPY, SCENARIO, MAX_STEPS) -> (TIME[s], SPEEDUP)
(cuda, memcpy, hugeScenario.xml, 200) -> (0.003, 6.545)
(cuda, memcpy, hugeScenario.xml, 800) -> (0.013, 6.225)
(cuda, memcpy, hugeScenario.xml, 3200) -> (0.099, 4.795)
(cuda, memcpy, hugeScenario.xml, 12800) -> (0.259, 5.452)
(cuda, memcpy, hugeScenario.xml, 51200) -> (1.693, 4.543)
(cuda, memcpy, hugeScenario.xml, 204800) -> (6.783, 4.593)
##########################################################
(CUDA, MEMCPY, SCENARIO, MAX_STEPS) -> (TIME[s], SPEEDUP)
(cuda, memcpy, scenario.xml, 200) -> (0.003, 1.000)
(cuda, memcpy, scenario.xml, 800) -> (0.048, 0.652)
(cuda, memcpy, scenario.xml, 3200) -> (0.229, 0.586)
(cuda, memcpy, scenario.xml, 12800) -> (0.212, 1.031)
(cuda, memcpy, scenario.xml, 51200) -> (2.093, 0.769)
(cuda, memcpy, scenario.xml, 204800) -> (16.575, 0.245)
##########################################################
(CUDA, MEMCPY, SCENARIO, MAX_STEPS) -> (TIME[s], SPEEDUP)
(cuda, memcpy, scenario_box.xml, 200) -> (0.003, 0.000)
(cuda, memcpy, scenario_box.xml, 800) -> (0.072, 0.000)
(cuda, memcpy, scenario_box.xml, 3200) -> (0.223, 0.010)
(cuda, memcpy, scenario_box.xml, 12800) -> (1.032, 0.014)
(cuda, memcpy, scenario_box.xml, 51200) -> (2.698, 0.021)
(cuda, memcpy, scenario_box.xml, 204800) -> (15.041, 0.011)
##########################################################
(CUDA, MEMCPY, SCENARIO, MAX_STEPS) -> (TIME[s], SPEEDUP)
(cuda, no_memcpy, hugeScenario.xml, 200) -> (0.002, 9.550)
(cuda, no_memcpy, hugeScenario.xml, 800) -> (0.009, 8.677)
(cuda, no_memcpy, hugeScenario.xml, 3200) -> (0.036, 8.711)
(cuda, no_memcpy, hugeScenario.xml, 12800) -> (0.137, 9.109)
(cuda, no_memcpy, hugeScenario.xml, 51200) -> (0.555, 9.035)
(cuda, no_memcpy, hugeScenario.xml, 204800) -> (2.186, 8.907)
##########################################################
(CUDA, MEMCPY, SCENARIO, MAX_STEPS) -> (TIME[s], SPEEDUP)
(cuda, no_memcpy, scenario.xml, 200) -> (0.001, 1.800)
(cuda, no_memcpy, scenario.xml, 800) -> (0.007, 1.680)
(cuda, no_memcpy, scenario.xml, 3200) -> (0.032, 1.615)
(cuda, no_memcpy, scenario.xml, 12800) -> (0.123, 1.690)
(cuda, no_memcpy, scenario.xml, 51200) -> (0.489, 1.707)
(cuda, no_memcpy, scenario.xml, 204800) -> (1.967, 1.676)
##########################################################
(CUDA, MEMCPY, SCENARIO, MAX_STEPS) -> (TIME[s], SPEEDUP)
(cuda, no_memcpy, scenario_box.xml, 200) -> (0.001, 0.000)
(cuda, no_memcpy, scenario_box.xml, 800) -> (0.004, 0.000)
(cuda, no_memcpy, scenario_box.xml, 3200) -> (0.019, 0.052)
(cuda, no_memcpy, scenario_box.xml, 12800) -> (0.077, 0.077)
(cuda, no_memcpy, scenario_box.xml, 51200) -> (0.299, 0.088)
(cuda, no_memcpy, scenario_box.xml, 204800) -> (1.197, 0.087)
