##########################################################
(OMP_STATIC, THREADS) -> SPEEDUP
(OMP_STATIC, 1) -> 1.189587
(OMP_STATIC, 2) -> 1.415002
(OMP_STATIC, 4) -> 2.800002
(OMP_STATIC, 8) -> 5.283335
(OMP_STATIC, 16) -> 9.430000
##########################################################
(OMP_DYNAMIC, THREADS, CHUNK_SZ) -> SPEEDUP
(OMP_DYNAMIC, 1, 1) -> 1.201269
(OMP_DYNAMIC, 2, 1) -> 1.413193
(OMP_DYNAMIC, 4, 1) -> 2.800842
(OMP_DYNAMIC, 8, 1) -> 5.294445
(OMP_DYNAMIC, 16, 1) -> 9.570000
(OMP_DYNAMIC, 1, 8) -> 1.200808
(OMP_DYNAMIC, 2, 8) -> 1.407651
(OMP_DYNAMIC, 4, 8) -> 2.800674
(OMP_DYNAMIC, 8, 8) -> 5.305555
(OMP_DYNAMIC, 16, 8) -> 9.520000
(OMP_DYNAMIC, 1, 16) -> 1.189277
(OMP_DYNAMIC, 2, 16) -> 1.401251
(OMP_DYNAMIC, 4, 16) -> 2.794876
(OMP_DYNAMIC, 8, 16) -> 5.327778
(OMP_DYNAMIC, 16, 16) -> 9.440000
(OMP_DYNAMIC, 1, 64) -> 1.191349
(OMP_DYNAMIC, 2, 64) -> 1.415726
(OMP_DYNAMIC, 4, 64) -> 2.797817
(OMP_DYNAMIC, 8, 64) -> 5.305555
(OMP_DYNAMIC, 16, 64) -> 9.530000
(OMP_DYNAMIC, 1, 256) -> 1.183594
(OMP_DYNAMIC, 2, 256) -> 1.407034
(OMP_DYNAMIC, 4, 256) -> 2.781935
(OMP_DYNAMIC, 8, 256) -> 5.305557
(OMP_DYNAMIC, 16, 256) -> 9.570000
##########################################################
(PTHREAD_STATIC, THREADS) -> SPEEDUP
(PTHREAD_STATIC, 1) -> 1.001053
(PTHREAD_STATIC, 2) -> 1.016755
(PTHREAD_STATIC, 4) -> 1.166487
(PTHREAD_STATIC, 8) -> 0.762074
(PTHREAD_STATIC, 16) -> 0.331500
