##########################################################
(OMP_STATIC, THREADS) -> SPEEDUP
(OMP_STATIC, 1) -> 1.213188
(OMP_STATIC, 2) -> 1.454550
(OMP_STATIC, 4) -> 2.666670
(OMP_STATIC, 8) -> 4.399999
(OMP_STATIC, 16) -> 7.733333
##########################################################
(OMP_DYNAMIC, THREADS, CHUNK_SZ) -> SPEEDUP
(OMP_DYNAMIC, 1, 1) -> 1.195606
(OMP_DYNAMIC, 2, 1) -> 1.450762
(OMP_DYNAMIC, 4, 1) -> 2.666670
(OMP_DYNAMIC, 8, 1) -> 4.833332
(OMP_DYNAMIC, 16, 1) -> 6.399998
(OMP_DYNAMIC, 1, 8) -> 1.229122
(OMP_DYNAMIC, 2, 8) -> 1.454550
(OMP_DYNAMIC, 4, 8) -> 2.666670
(OMP_DYNAMIC, 8, 8) -> 4.833332
(OMP_DYNAMIC, 16, 8) -> 6.716666
(OMP_DYNAMIC, 1, 16) -> 1.218683
(OMP_DYNAMIC, 2, 16) -> 1.463640
(OMP_DYNAMIC, 4, 16) -> 2.666670
(OMP_DYNAMIC, 8, 16) -> 4.833332
(OMP_DYNAMIC, 16, 16) -> 7.466666
(OMP_DYNAMIC, 1, 64) -> 1.190662
(OMP_DYNAMIC, 2, 64) -> 1.450762
(OMP_DYNAMIC, 4, 64) -> 2.666670
(OMP_DYNAMIC, 8, 64) -> 4.824998
(OMP_DYNAMIC, 16, 64) -> 7.733333
(OMP_DYNAMIC, 1, 256) -> 1.193958
(OMP_DYNAMIC, 2, 256) -> 1.442428
(OMP_DYNAMIC, 4, 256) -> 2.666670
(OMP_DYNAMIC, 8, 256) -> 4.374999
(OMP_DYNAMIC, 16, 256) -> 7.733333
##########################################################
(PTHREAD_STATIC, THREADS) -> SPEEDUP
(PTHREAD_STATIC, 1) -> 0.529468
(PTHREAD_STATIC, 2) -> 0.387217
(PTHREAD_STATIC, 4) -> 0.315594
(PTHREAD_STATIC, 8) -> 0.135008
(PTHREAD_STATIC, 16) -> 0.056586
